[2026-01-16T11:54:32.307+0000] {processor.py:161} INFO - Started process (PID=43) to work on /opt/airflow/dags/tests/test_dag_testing_assignment.py
[2026-01-16T11:54:32.309+0000] {processor.py:830} INFO - Processing file /opt/airflow/dags/tests/test_dag_testing_assignment.py for tasks to queue
[2026-01-16T11:54:32.312+0000] {logging_mixin.py:188} INFO - [2026-01-16T11:54:32.311+0000] {dagbag.py:538} INFO - Filling up the DagBag from /opt/airflow/dags/tests/test_dag_testing_assignment.py
[2026-01-16T11:54:32.369+0000] {logging_mixin.py:188} INFO - [2026-01-16T11:54:32.358+0000] {dagbag.py:348} ERROR - Failed to import: /opt/airflow/dags/tests/test_dag_testing_assignment.py
Traceback (most recent call last):
  File "/home/airflow/.local/lib/python3.8/site-packages/airflow/models/dagbag.py", line 344, in parse
    loader.exec_module(new_module)
  File "<frozen importlib._bootstrap_external>", line 843, in exec_module
  File "<frozen importlib._bootstrap>", line 219, in _call_with_frames_removed
  File "/opt/airflow/dags/tests/test_dag_testing_assignment.py", line 1, in <module>
    import pytest
ModuleNotFoundError: No module named 'pytest'
[2026-01-16T11:54:32.374+0000] {processor.py:842} WARNING - No viable dags retrieved from /opt/airflow/dags/tests/test_dag_testing_assignment.py
[2026-01-16T11:54:32.506+0000] {processor.py:183} INFO - Processing /opt/airflow/dags/tests/test_dag_testing_assignment.py took 0.206 seconds
[2026-01-16T11:55:03.595+0000] {processor.py:161} INFO - Started process (PID=47) to work on /opt/airflow/dags/tests/test_dag_testing_assignment.py
[2026-01-16T11:55:03.596+0000] {processor.py:830} INFO - Processing file /opt/airflow/dags/tests/test_dag_testing_assignment.py for tasks to queue
[2026-01-16T11:55:03.600+0000] {logging_mixin.py:188} INFO - [2026-01-16T11:55:03.599+0000] {dagbag.py:538} INFO - Filling up the DagBag from /opt/airflow/dags/tests/test_dag_testing_assignment.py
[2026-01-16T11:55:03.635+0000] {logging_mixin.py:188} INFO - [2026-01-16T11:55:03.629+0000] {dagbag.py:348} ERROR - Failed to import: /opt/airflow/dags/tests/test_dag_testing_assignment.py
Traceback (most recent call last):
  File "/home/airflow/.local/lib/python3.8/site-packages/airflow/models/dagbag.py", line 344, in parse
    loader.exec_module(new_module)
  File "<frozen importlib._bootstrap_external>", line 843, in exec_module
  File "<frozen importlib._bootstrap>", line 219, in _call_with_frames_removed
  File "/opt/airflow/dags/tests/test_dag_testing_assignment.py", line 1, in <module>
    import pytest
ModuleNotFoundError: No module named 'pytest'
[2026-01-16T11:55:03.638+0000] {processor.py:842} WARNING - No viable dags retrieved from /opt/airflow/dags/tests/test_dag_testing_assignment.py
[2026-01-16T11:55:03.702+0000] {processor.py:183} INFO - Processing /opt/airflow/dags/tests/test_dag_testing_assignment.py took 0.114 seconds
[2026-01-16T11:55:34.493+0000] {processor.py:161} INFO - Started process (PID=49) to work on /opt/airflow/dags/tests/test_dag_testing_assignment.py
[2026-01-16T11:55:34.496+0000] {processor.py:830} INFO - Processing file /opt/airflow/dags/tests/test_dag_testing_assignment.py for tasks to queue
[2026-01-16T11:55:34.498+0000] {logging_mixin.py:188} INFO - [2026-01-16T11:55:34.497+0000] {dagbag.py:538} INFO - Filling up the DagBag from /opt/airflow/dags/tests/test_dag_testing_assignment.py
[2026-01-16T11:55:34.539+0000] {logging_mixin.py:188} INFO - [2026-01-16T11:55:34.532+0000] {dagbag.py:348} ERROR - Failed to import: /opt/airflow/dags/tests/test_dag_testing_assignment.py
Traceback (most recent call last):
  File "/home/airflow/.local/lib/python3.8/site-packages/airflow/models/dagbag.py", line 344, in parse
    loader.exec_module(new_module)
  File "<frozen importlib._bootstrap_external>", line 843, in exec_module
  File "<frozen importlib._bootstrap>", line 219, in _call_with_frames_removed
  File "/opt/airflow/dags/tests/test_dag_testing_assignment.py", line 1, in <module>
    import pytest
ModuleNotFoundError: No module named 'pytest'
[2026-01-16T11:55:34.541+0000] {processor.py:842} WARNING - No viable dags retrieved from /opt/airflow/dags/tests/test_dag_testing_assignment.py
[2026-01-16T11:55:34.625+0000] {processor.py:183} INFO - Processing /opt/airflow/dags/tests/test_dag_testing_assignment.py took 0.138 seconds
[2026-01-16T11:56:05.258+0000] {processor.py:161} INFO - Started process (PID=51) to work on /opt/airflow/dags/tests/test_dag_testing_assignment.py
[2026-01-16T11:56:05.261+0000] {processor.py:830} INFO - Processing file /opt/airflow/dags/tests/test_dag_testing_assignment.py for tasks to queue
[2026-01-16T11:56:05.264+0000] {logging_mixin.py:188} INFO - [2026-01-16T11:56:05.263+0000] {dagbag.py:538} INFO - Filling up the DagBag from /opt/airflow/dags/tests/test_dag_testing_assignment.py
[2026-01-16T11:56:05.305+0000] {logging_mixin.py:188} INFO - [2026-01-16T11:56:05.297+0000] {dagbag.py:348} ERROR - Failed to import: /opt/airflow/dags/tests/test_dag_testing_assignment.py
Traceback (most recent call last):
  File "/home/airflow/.local/lib/python3.8/site-packages/airflow/models/dagbag.py", line 344, in parse
    loader.exec_module(new_module)
  File "<frozen importlib._bootstrap_external>", line 843, in exec_module
  File "<frozen importlib._bootstrap>", line 219, in _call_with_frames_removed
  File "/opt/airflow/dags/tests/test_dag_testing_assignment.py", line 1, in <module>
    import pytest
ModuleNotFoundError: No module named 'pytest'
[2026-01-16T11:56:05.309+0000] {processor.py:842} WARNING - No viable dags retrieved from /opt/airflow/dags/tests/test_dag_testing_assignment.py
[2026-01-16T11:56:05.840+0000] {processor.py:183} INFO - Processing /opt/airflow/dags/tests/test_dag_testing_assignment.py took 0.592 seconds
[2026-01-16T11:56:36.521+0000] {processor.py:161} INFO - Started process (PID=53) to work on /opt/airflow/dags/tests/test_dag_testing_assignment.py
[2026-01-16T11:56:36.524+0000] {processor.py:830} INFO - Processing file /opt/airflow/dags/tests/test_dag_testing_assignment.py for tasks to queue
[2026-01-16T11:56:36.526+0000] {logging_mixin.py:188} INFO - [2026-01-16T11:56:36.525+0000] {dagbag.py:538} INFO - Filling up the DagBag from /opt/airflow/dags/tests/test_dag_testing_assignment.py
[2026-01-16T11:56:36.563+0000] {logging_mixin.py:188} INFO - [2026-01-16T11:56:36.556+0000] {dagbag.py:348} ERROR - Failed to import: /opt/airflow/dags/tests/test_dag_testing_assignment.py
Traceback (most recent call last):
  File "/home/airflow/.local/lib/python3.8/site-packages/airflow/models/dagbag.py", line 344, in parse
    loader.exec_module(new_module)
  File "<frozen importlib._bootstrap_external>", line 843, in exec_module
  File "<frozen importlib._bootstrap>", line 219, in _call_with_frames_removed
  File "/opt/airflow/dags/tests/test_dag_testing_assignment.py", line 1, in <module>
    import pytest
ModuleNotFoundError: No module named 'pytest'
[2026-01-16T11:56:36.566+0000] {processor.py:842} WARNING - No viable dags retrieved from /opt/airflow/dags/tests/test_dag_testing_assignment.py
[2026-01-16T11:56:36.952+0000] {processor.py:183} INFO - Processing /opt/airflow/dags/tests/test_dag_testing_assignment.py took 0.438 seconds
[2026-01-16T11:57:07.663+0000] {processor.py:161} INFO - Started process (PID=55) to work on /opt/airflow/dags/tests/test_dag_testing_assignment.py
[2026-01-16T11:57:07.665+0000] {processor.py:830} INFO - Processing file /opt/airflow/dags/tests/test_dag_testing_assignment.py for tasks to queue
[2026-01-16T11:57:07.667+0000] {logging_mixin.py:188} INFO - [2026-01-16T11:57:07.667+0000] {dagbag.py:538} INFO - Filling up the DagBag from /opt/airflow/dags/tests/test_dag_testing_assignment.py
[2026-01-16T11:57:07.778+0000] {logging_mixin.py:188} INFO - [2026-01-16T11:57:07.770+0000] {dagbag.py:348} ERROR - Failed to import: /opt/airflow/dags/tests/test_dag_testing_assignment.py
Traceback (most recent call last):
  File "/home/airflow/.local/lib/python3.8/site-packages/airflow/models/dagbag.py", line 344, in parse
    loader.exec_module(new_module)
  File "<frozen importlib._bootstrap_external>", line 843, in exec_module
  File "<frozen importlib._bootstrap>", line 219, in _call_with_frames_removed
  File "/opt/airflow/dags/tests/test_dag_testing_assignment.py", line 1, in <module>
    import pytest
ModuleNotFoundError: No module named 'pytest'
[2026-01-16T11:57:07.781+0000] {processor.py:842} WARNING - No viable dags retrieved from /opt/airflow/dags/tests/test_dag_testing_assignment.py
[2026-01-16T11:57:07.929+0000] {processor.py:183} INFO - Processing /opt/airflow/dags/tests/test_dag_testing_assignment.py took 0.270 seconds
[2026-01-16T11:57:39.534+0000] {processor.py:161} INFO - Started process (PID=62) to work on /opt/airflow/dags/tests/test_dag_testing_assignment.py
[2026-01-16T11:57:39.537+0000] {processor.py:830} INFO - Processing file /opt/airflow/dags/tests/test_dag_testing_assignment.py for tasks to queue
[2026-01-16T11:57:39.539+0000] {logging_mixin.py:188} INFO - [2026-01-16T11:57:39.538+0000] {dagbag.py:538} INFO - Filling up the DagBag from /opt/airflow/dags/tests/test_dag_testing_assignment.py
[2026-01-16T11:57:39.575+0000] {logging_mixin.py:188} INFO - [2026-01-16T11:57:39.568+0000] {dagbag.py:348} ERROR - Failed to import: /opt/airflow/dags/tests/test_dag_testing_assignment.py
Traceback (most recent call last):
  File "/home/airflow/.local/lib/python3.8/site-packages/airflow/models/dagbag.py", line 344, in parse
    loader.exec_module(new_module)
  File "<frozen importlib._bootstrap_external>", line 843, in exec_module
  File "<frozen importlib._bootstrap>", line 219, in _call_with_frames_removed
  File "/opt/airflow/dags/tests/test_dag_testing_assignment.py", line 1, in <module>
    import pytest
ModuleNotFoundError: No module named 'pytest'
[2026-01-16T11:57:39.579+0000] {processor.py:842} WARNING - No viable dags retrieved from /opt/airflow/dags/tests/test_dag_testing_assignment.py
[2026-01-16T11:57:39.687+0000] {processor.py:183} INFO - Processing /opt/airflow/dags/tests/test_dag_testing_assignment.py took 0.163 seconds
[2026-01-16T11:58:10.062+0000] {processor.py:161} INFO - Started process (PID=64) to work on /opt/airflow/dags/tests/test_dag_testing_assignment.py
[2026-01-16T11:58:10.071+0000] {processor.py:830} INFO - Processing file /opt/airflow/dags/tests/test_dag_testing_assignment.py for tasks to queue
[2026-01-16T11:58:10.073+0000] {logging_mixin.py:188} INFO - [2026-01-16T11:58:10.073+0000] {dagbag.py:538} INFO - Filling up the DagBag from /opt/airflow/dags/tests/test_dag_testing_assignment.py
[2026-01-16T11:58:10.108+0000] {logging_mixin.py:188} INFO - [2026-01-16T11:58:10.101+0000] {dagbag.py:348} ERROR - Failed to import: /opt/airflow/dags/tests/test_dag_testing_assignment.py
Traceback (most recent call last):
  File "/home/airflow/.local/lib/python3.8/site-packages/airflow/models/dagbag.py", line 344, in parse
    loader.exec_module(new_module)
  File "<frozen importlib._bootstrap_external>", line 843, in exec_module
  File "<frozen importlib._bootstrap>", line 219, in _call_with_frames_removed
  File "/opt/airflow/dags/tests/test_dag_testing_assignment.py", line 1, in <module>
    import pytest
ModuleNotFoundError: No module named 'pytest'
[2026-01-16T11:58:10.110+0000] {processor.py:842} WARNING - No viable dags retrieved from /opt/airflow/dags/tests/test_dag_testing_assignment.py
[2026-01-16T11:58:10.297+0000] {processor.py:183} INFO - Processing /opt/airflow/dags/tests/test_dag_testing_assignment.py took 0.263 seconds
